#! /c/Source/iverilog-install/bin/vvp
:ivl_version "12.0 (devel)" "(s20150603-1539-g2693dd32b)";
:ivl_delay_selection "TYPICAL";
:vpi_time_precision - 12;
:vpi_module "D:\Important\iverilog\lib\ivl\system.vpi";
:vpi_module "D:\Important\iverilog\lib\ivl\vhdl_sys.vpi";
:vpi_module "D:\Important\iverilog\lib\ivl\vhdl_textio.vpi";
:vpi_module "D:\Important\iverilog\lib\ivl\v2005_math.vpi";
:vpi_module "D:\Important\iverilog\lib\ivl\va_math.vpi";
S_000002a2ff7c62a0 .scope module, "mux2to1_tb" "mux2to1_tb" 2 3;
 .timescale -9 -12;
v000002a2ff52ba00_0 .var "i0", 0 0;
v000002a2ff52baa0_0 .var "i1", 0 0;
v000002a2ff7c34e0_0 .var "select", 0 0;
v000002a2ff7c3580_0 .net "y", 0 0, L_000002a2ff7c3700;  1 drivers
S_000002a2ff7c6430 .scope module, "DUT" "mux2to1" 2 7, 3 1 0, S_000002a2ff7c62a0;
 .timescale 0 0;
    .port_info 0 /OUTPUT 1 "y";
    .port_info 1 /INPUT 1 "i0";
    .port_info 2 /INPUT 1 "i1";
    .port_info 3 /INPUT 1 "select";
L_000002a2ff793780 .functor NOT 1, v000002a2ff7c34e0_0, C4<0>, C4<0>, C4<0>;
L_000002a2ff7c3620 .functor AND 1, L_000002a2ff793780, v000002a2ff52ba00_0, C4<1>, C4<1>;
L_000002a2ff7c3690 .functor AND 1, v000002a2ff7c34e0_0, v000002a2ff52baa0_0, C4<1>, C4<1>;
L_000002a2ff7c3700 .functor OR 1, L_000002a2ff7c3620, L_000002a2ff7c3690, C4<0>, C4<0>;
v000002a2ff793560_0 .net "and1", 0 0, L_000002a2ff7c3620;  1 drivers
v000002a2ff7930e0_0 .net "and2", 0 0, L_000002a2ff7c3690;  1 drivers
v000002a2ff793340_0 .net "i0", 0 0, v000002a2ff52ba00_0;  1 drivers
v000002a2ff7c65c0_0 .net "i1", 0 0, v000002a2ff52baa0_0;  1 drivers
v000002a2ff7c6660_0 .net "not_select", 0 0, L_000002a2ff793780;  1 drivers
v000002a2ff529c20_0 .net "select", 0 0, v000002a2ff7c34e0_0;  1 drivers
v000002a2ff529cc0_0 .net "y", 0 0, L_000002a2ff7c3700;  alias, 1 drivers
    .scope S_000002a2ff7c62a0;
T_0 ;
    %vpi_call 2 15 "$display", "Time\011i0\011i1\011select\011y" {0 0 0};
    %vpi_call 2 16 "$monitor", "%0t\011%b\011%b\011%b\011%b", $time, v000002a2ff52ba00_0, v000002a2ff52baa0_0, v000002a2ff7c34e0_0, v000002a2ff7c3580_0 {0 0 0};
    %vpi_call 2 18 "$dumpfile", "mux2to1.vcd" {0 0 0};
    %vpi_call 2 19 "$dumpvars", 32'sb00000000000000000000000000000000, S_000002a2ff7c62a0 {0 0 0};
    %pushi/vec4 0, 0, 1;
    %store/vec4 v000002a2ff52ba00_0, 0, 1;
    %pushi/vec4 1, 0, 1;
    %store/vec4 v000002a2ff52baa0_0, 0, 1;
    %pushi/vec4 0, 0, 1;
    %store/vec4 v000002a2ff7c34e0_0, 0, 1;
    %delay 3000, 0;
    %pushi/vec4 0, 0, 1;
    %store/vec4 v000002a2ff52ba00_0, 0, 1;
    %pushi/vec4 1, 0, 1;
    %store/vec4 v000002a2ff52baa0_0, 0, 1;
    %pushi/vec4 1, 0, 1;
    %store/vec4 v000002a2ff7c34e0_0, 0, 1;
    %delay 3000, 0;
    %pushi/vec4 1, 0, 1;
    %store/vec4 v000002a2ff52ba00_0, 0, 1;
    %pushi/vec4 0, 0, 1;
    %store/vec4 v000002a2ff52baa0_0, 0, 1;
    %pushi/vec4 1, 0, 1;
    %store/vec4 v000002a2ff7c34e0_0, 0, 1;
    %delay 3000, 0;
    %vpi_call 2 25 "$finish" {0 0 0};
    %end;
    .thread T_0;
# The file index is used to find the file name in the following table.
:file_names 4;
    "N/A";
    "<interactive>";
    "mux2to1_tb.v";
    "mux2to1.v";
